2015/11/17 23:32:58 INFO  - jmeter.util.JMeterUtils: Setting Locale to en_US 
2015/11/17 23:32:58 INFO  - jmeter.JMeter: Loading user properties from: /usr/local/Cellar/jmeter/2.13/libexec/bin/user.properties 
2015/11/17 23:32:58 INFO  - jmeter.JMeter: Loading system properties from: /usr/local/Cellar/jmeter/2.13/libexec/bin/system.properties 
2015/11/17 23:32:58 INFO  - jmeter.JMeter: Copyright (c) 1998-2015 The Apache Software Foundation 
2015/11/17 23:32:58 INFO  - jmeter.JMeter: Version 2.13 r1665067 
2015/11/17 23:32:58 INFO  - jmeter.JMeter: java.version=1.8.0_66 
2015/11/17 23:32:58 INFO  - jmeter.JMeter: java.vm.name=Java HotSpot(TM) 64-Bit Server VM 
2015/11/17 23:32:58 INFO  - jmeter.JMeter: os.name=Mac OS X 
2015/11/17 23:32:58 INFO  - jmeter.JMeter: os.arch=x86_64 
2015/11/17 23:32:58 INFO  - jmeter.JMeter: os.version=10.10.5 
2015/11/17 23:32:58 INFO  - jmeter.JMeter: file.encoding=UTF-8 
2015/11/17 23:32:58 INFO  - jmeter.JMeter: Default Locale=English (United States) 
2015/11/17 23:32:58 INFO  - jmeter.JMeter: JMeter  Locale=English (United States) 
2015/11/17 23:32:58 INFO  - jmeter.JMeter: JMeterHome=/usr/local/Cellar/jmeter/2.13/libexec 
2015/11/17 23:32:58 INFO  - jmeter.JMeter: user.dir  =/Users/simholte/WebstormProjects/myRetail/jmeter 
2015/11/17 23:32:58 INFO  - jmeter.JMeter: PWD       =/Users/simholte/WebstormProjects/myRetail/jmeter 
2015/11/17 23:32:58 INFO  - jmeter.JMeter: IP: 192.168.29.175 Name: Shawns-MBP.T-mobile.com FullName: shawns-mbp.t-mobile.com 
2015/11/17 23:32:59 INFO  - jmeter.gui.action.LookAndFeelCommand: Using look and feel: com.apple.laf.AquaLookAndFeel [Mac OS X, System] 
2015/11/17 23:32:59 INFO  - jmeter.JMeter: Loaded icon properties from org/apache/jmeter/images/icon.properties 
2015/11/17 23:33:01 INFO  - jmeter.engine.util.CompoundVariable: Note: Function class names must contain the string: '.functions.' 
2015/11/17 23:33:01 INFO  - jmeter.engine.util.CompoundVariable: Note: Function class names must not contain the string: '.gui.' 
2015/11/17 23:33:02 INFO  - jmeter.JMeter: Loading file: InternalAPITests.jmx 
2015/11/17 23:33:02 INFO  - jmeter.services.FileServer: Default base='/Users/simholte/WebstormProjects/myRetail/jmeter' 
2015/11/17 23:33:02 INFO  - jmeter.services.FileServer: Set new base='/Users/simholte/WebstormProjects/myRetail/jmeter' 
2015/11/17 23:33:02 INFO  - jmeter.util.BSFTestElement: Registering JMeter version of JavaScript engine as work-round for BSF-22 
2015/11/17 23:33:02 INFO  - jmeter.save.SaveService: Testplan (JMX) version: 2.2. Testlog (JTL) version: 2.2 
2015/11/17 23:33:02 INFO  - jmeter.save.SaveService: Using SaveService properties file encoding UTF-8 
2015/11/17 23:33:02 INFO  - jmeter.save.SaveService: Using SaveService properties file version 1656252 
2015/11/17 23:33:02 INFO  - jmeter.save.SaveService: Using SaveService properties version 2.8 
2015/11/17 23:33:02 INFO  - jmeter.save.SaveService: All converter versions present and correct 
2015/11/17 23:33:02 INFO  - jmeter.save.SaveService: Loading file: InternalAPITests.jmx 
2015/11/17 23:33:02 INFO  - jmeter.protocol.http.sampler.HTTPSamplerBase: Cannot find .className property for htmlParser, using default 
2015/11/17 23:33:02 INFO  - jmeter.protocol.http.sampler.HTTPSamplerBase: Parser for text/html is  
2015/11/17 23:33:02 INFO  - jmeter.protocol.http.sampler.HTTPSamplerBase: Parser for application/xhtml+xml is  
2015/11/17 23:33:02 INFO  - jmeter.protocol.http.sampler.HTTPSamplerBase: Parser for application/xml is  
2015/11/17 23:33:02 INFO  - jmeter.protocol.http.sampler.HTTPSamplerBase: Parser for text/xml is  
2015/11/17 23:33:02 INFO  - jmeter.protocol.http.sampler.HTTPSamplerBase: Parser for text/vnd.wap.wml is org.apache.jmeter.protocol.http.parser.RegexpHTMLParser 
2015/11/17 23:33:02 INFO  - jmeter.services.FileServer: Set new base='/Users/simholte/WebstormProjects/myRetail/jmeter' 
2015/11/17 23:33:02 INFO  - jmeter.samplers.SampleResult: Note: Sample TimeStamps are START times 
2015/11/17 23:33:02 INFO  - jmeter.samplers.SampleResult: sampleresult.default.encoding is set to ISO-8859-1 
2015/11/17 23:33:02 INFO  - jmeter.samplers.SampleResult: sampleresult.useNanoTime=true 
2015/11/17 23:33:02 INFO  - jmeter.samplers.SampleResult: sampleresult.nanoThreadSleep=5000 
2015/11/17 23:33:03 INFO  - jmeter.gui.util.MenuFactory: Skipping org.apache.jmeter.protocol.http.control.gui.WebServiceSamplerGui 
2015/11/17 23:33:03 INFO  - jmeter.gui.util.MenuFactory: Skipping org.apache.jmeter.protocol.http.modifier.gui.ParamModifierGui 
2015/11/17 23:33:03 INFO  - jorphan.exec.KeyToolUtils: keytool found at 'keytool' 
2015/11/17 23:33:03 INFO  - jmeter.protocol.http.proxy.ProxyControl: HTTP(S) Test Script Recorder SSL Proxy will use keys that support embedded 3rd party resources in file /usr/local/Cellar/jmeter/2.13/libexec/bin/proxyserver.jks 
2015/11/17 23:36:13 INFO  - jmeter.engine.StandardJMeterEngine: Listeners will be started after enabling running version 
2015/11/17 23:36:13 INFO  - jmeter.engine.StandardJMeterEngine: To revert to the earlier behaviour, define jmeterengine.startlistenerslater=false 
2015/11/17 23:36:13 INFO  - jmeter.engine.StandardJMeterEngine: Running the test! 
2015/11/17 23:36:13 INFO  - jmeter.samplers.SampleEvent: List of sample_variables: [] 
2015/11/17 23:36:13 INFO  - jmeter.samplers.SampleEvent: List of sample_variables: [] 
2015/11/17 23:36:13 INFO  - jmeter.gui.util.JMeterMenuBar: setRunning(true,*local*) 
2015/11/17 23:36:13 INFO  - jmeter.engine.StandardJMeterEngine: Starting ThreadGroup: 1 : Test Internal API 
2015/11/17 23:36:13 INFO  - jmeter.engine.StandardJMeterEngine: Starting 1 threads for group Test Internal API. 
2015/11/17 23:36:13 INFO  - jmeter.engine.StandardJMeterEngine: Thread will continue on error 
2015/11/17 23:36:13 INFO  - jmeter.threads.ThreadGroup: Starting thread group number 1 threads 1 ramp-up 1 perThread 1000.0 delayedStart=false 
2015/11/17 23:36:13 INFO  - jmeter.threads.JMeterThread: jmeterthread.startearlier=true (see jmeter.properties) 
2015/11/17 23:36:13 INFO  - jmeter.threads.JMeterThread: Running PostProcessors in forward order 
2015/11/17 23:36:13 INFO  - jmeter.threads.ThreadGroup: Started thread group number 1 
2015/11/17 23:36:13 INFO  - jmeter.engine.StandardJMeterEngine: All thread groups have been started 
2015/11/17 23:36:13 INFO  - jmeter.threads.JMeterThread: Thread started: Test Internal API 1-1 
2015/11/17 23:36:13 INFO  - jmeter.protocol.http.sampler.HTTPHCAbstractImpl: Local host = Shawns-MBP.T-mobile.com 
2015/11/17 23:36:13 INFO  - jmeter.protocol.http.sampler.HTTPHC4Impl: HTTP request retry count = 0 
2015/11/17 23:36:13 INFO  - jmeter.protocol.http.sampler.HTTPHC4Impl: Setting up HTTPS TrustAll scheme 
2015/11/17 23:36:13 INFO  - jmeter.util.JsseSSLManager: Using default SSL protocol: TLS 
2015/11/17 23:36:13 INFO  - jmeter.util.JsseSSLManager: SSL session context: per-thread 
2015/11/17 23:36:15 INFO  - jmeter.threads.JMeterThread: Thread is done: Test Internal API 1-1 
2015/11/17 23:36:15 INFO  - jmeter.threads.JMeterThread: Thread finished: Test Internal API 1-1 
2015/11/17 23:36:15 INFO  - jmeter.engine.StandardJMeterEngine: Notifying test listeners of end of test 
2015/11/17 23:36:15 INFO  - jmeter.gui.util.JMeterMenuBar: setRunning(false,*local*) 
2015/11/17 23:37:25 INFO  - jmeter.engine.StandardJMeterEngine: Running the test! 
2015/11/17 23:37:25 INFO  - jmeter.samplers.SampleEvent: List of sample_variables: [] 
2015/11/17 23:37:25 INFO  - jmeter.gui.util.JMeterMenuBar: setRunning(true,*local*) 
2015/11/17 23:37:25 INFO  - jmeter.engine.StandardJMeterEngine: Starting ThreadGroup: 1 : Test Internal API 
2015/11/17 23:37:25 INFO  - jmeter.engine.StandardJMeterEngine: Starting 1 threads for group Test Internal API. 
2015/11/17 23:37:25 INFO  - jmeter.engine.StandardJMeterEngine: Thread will continue on error 
2015/11/17 23:37:25 INFO  - jmeter.threads.ThreadGroup: Starting thread group number 1 threads 1 ramp-up 1 perThread 1000.0 delayedStart=false 
2015/11/17 23:37:25 INFO  - jmeter.threads.ThreadGroup: Started thread group number 1 
2015/11/17 23:37:25 INFO  - jmeter.engine.StandardJMeterEngine: All thread groups have been started 
2015/11/17 23:37:25 INFO  - jmeter.threads.JMeterThread: Thread started: Test Internal API 1-1 
2015/11/17 23:37:25 INFO  - jmeter.threads.JMeterThread: Thread is done: Test Internal API 1-1 
2015/11/17 23:37:25 INFO  - jmeter.threads.JMeterThread: Thread finished: Test Internal API 1-1 
2015/11/17 23:37:25 INFO  - jmeter.engine.StandardJMeterEngine: Notifying test listeners of end of test 
2015/11/17 23:37:25 INFO  - jmeter.gui.util.JMeterMenuBar: setRunning(false,*local*) 
2015/11/17 23:38:05 INFO  - jmeter.engine.StandardJMeterEngine: Running the test! 
2015/11/17 23:38:05 INFO  - jmeter.samplers.SampleEvent: List of sample_variables: [] 
2015/11/17 23:38:05 INFO  - jmeter.gui.util.JMeterMenuBar: setRunning(true,*local*) 
2015/11/17 23:38:05 INFO  - jmeter.engine.StandardJMeterEngine: Starting ThreadGroup: 1 : Test Internal API 
2015/11/17 23:38:05 INFO  - jmeter.engine.StandardJMeterEngine: Starting 1 threads for group Test Internal API. 
2015/11/17 23:38:05 INFO  - jmeter.engine.StandardJMeterEngine: Thread will continue on error 
2015/11/17 23:38:05 INFO  - jmeter.threads.ThreadGroup: Starting thread group number 1 threads 1 ramp-up 1 perThread 1000.0 delayedStart=false 
2015/11/17 23:38:05 INFO  - jmeter.threads.ThreadGroup: Started thread group number 1 
2015/11/17 23:38:05 INFO  - jmeter.engine.StandardJMeterEngine: All thread groups have been started 
2015/11/17 23:38:05 INFO  - jmeter.threads.JMeterThread: Thread started: Test Internal API 1-1 
2015/11/17 23:38:06 INFO  - jmeter.threads.JMeterThread: Thread is done: Test Internal API 1-1 
2015/11/17 23:38:06 INFO  - jmeter.threads.JMeterThread: Thread finished: Test Internal API 1-1 
2015/11/17 23:38:06 INFO  - jmeter.engine.StandardJMeterEngine: Notifying test listeners of end of test 
2015/11/17 23:38:06 INFO  - jmeter.gui.util.JMeterMenuBar: setRunning(false,*local*) 
2015/11/17 23:38:44 INFO  - jmeter.engine.StandardJMeterEngine: Running the test! 
2015/11/17 23:38:44 INFO  - jmeter.samplers.SampleEvent: List of sample_variables: [] 
2015/11/17 23:38:44 INFO  - jmeter.gui.util.JMeterMenuBar: setRunning(true,*local*) 
2015/11/17 23:38:44 INFO  - jmeter.engine.StandardJMeterEngine: Starting ThreadGroup: 1 : Test Internal API 
2015/11/17 23:38:44 INFO  - jmeter.engine.StandardJMeterEngine: Starting 1 threads for group Test Internal API. 
2015/11/17 23:38:44 INFO  - jmeter.engine.StandardJMeterEngine: Thread will continue on error 
2015/11/17 23:38:44 INFO  - jmeter.threads.ThreadGroup: Starting thread group number 1 threads 1 ramp-up 1 perThread 1000.0 delayedStart=false 
2015/11/17 23:38:44 INFO  - jmeter.threads.ThreadGroup: Started thread group number 1 
2015/11/17 23:38:44 INFO  - jmeter.engine.StandardJMeterEngine: All thread groups have been started 
2015/11/17 23:38:44 INFO  - jmeter.threads.JMeterThread: Thread started: Test Internal API 1-1 
2015/11/17 23:38:44 INFO  - jmeter.threads.JMeterThread: Thread is done: Test Internal API 1-1 
2015/11/17 23:38:44 INFO  - jmeter.threads.JMeterThread: Thread finished: Test Internal API 1-1 
2015/11/17 23:38:44 INFO  - jmeter.engine.StandardJMeterEngine: Notifying test listeners of end of test 
2015/11/17 23:38:44 INFO  - jmeter.gui.util.JMeterMenuBar: setRunning(false,*local*) 
2015/11/17 23:39:38 INFO  - jmeter.engine.StandardJMeterEngine: Running the test! 
2015/11/17 23:39:38 INFO  - jmeter.samplers.SampleEvent: List of sample_variables: [] 
2015/11/17 23:39:38 INFO  - jmeter.gui.util.JMeterMenuBar: setRunning(true,*local*) 
2015/11/17 23:39:38 INFO  - jmeter.engine.StandardJMeterEngine: Starting ThreadGroup: 1 : Test Internal API 
2015/11/17 23:39:38 INFO  - jmeter.engine.StandardJMeterEngine: Starting 1 threads for group Test Internal API. 
2015/11/17 23:39:38 INFO  - jmeter.engine.StandardJMeterEngine: Thread will continue on error 
2015/11/17 23:39:38 INFO  - jmeter.threads.ThreadGroup: Starting thread group number 1 threads 1 ramp-up 1 perThread 1000.0 delayedStart=false 
2015/11/17 23:39:38 INFO  - jmeter.threads.ThreadGroup: Started thread group number 1 
2015/11/17 23:39:38 INFO  - jmeter.engine.StandardJMeterEngine: All thread groups have been started 
2015/11/17 23:39:38 INFO  - jmeter.threads.JMeterThread: Thread started: Test Internal API 1-1 
2015/11/17 23:39:38 ERROR - jmeter.util.BeanShellInterpreter: Error invoking bsh method: eval	Sourced file: inline evaluation of: ``Failure = !prev.getResponseDataAsString().size() > 0; FaulureMessage = "Expected . . . '' : Error in method invocation: Method size() not found in class'java.lang.String' 
2015/11/17 23:39:38 WARN  - jmeter.assertions.BeanShellAssertion: org.apache.jorphan.util.JMeterException: Error invoking bsh method: eval	Sourced file: inline evaluation of: ``Failure = !prev.getResponseDataAsString().size() > 0; FaulureMessage = "Expected . . . '' : Error in method invocation: Method size() not found in class'java.lang.String' 
2015/11/17 23:39:38 INFO  - jmeter.threads.JMeterThread: Thread is done: Test Internal API 1-1 
2015/11/17 23:39:38 INFO  - jmeter.threads.JMeterThread: Thread finished: Test Internal API 1-1 
2015/11/17 23:39:38 INFO  - jmeter.engine.StandardJMeterEngine: Notifying test listeners of end of test 
2015/11/17 23:39:38 INFO  - jmeter.gui.util.JMeterMenuBar: setRunning(false,*local*) 
2015/11/17 23:40:33 INFO  - jmeter.engine.StandardJMeterEngine: Running the test! 
2015/11/17 23:40:33 INFO  - jmeter.samplers.SampleEvent: List of sample_variables: [] 
2015/11/17 23:40:33 INFO  - jmeter.gui.util.JMeterMenuBar: setRunning(true,*local*) 
2015/11/17 23:40:33 INFO  - jmeter.engine.StandardJMeterEngine: Starting ThreadGroup: 1 : Test Internal API 
2015/11/17 23:40:33 INFO  - jmeter.engine.StandardJMeterEngine: Starting 1 threads for group Test Internal API. 
2015/11/17 23:40:33 INFO  - jmeter.engine.StandardJMeterEngine: Thread will continue on error 
2015/11/17 23:40:33 INFO  - jmeter.threads.ThreadGroup: Starting thread group number 1 threads 1 ramp-up 1 perThread 1000.0 delayedStart=false 
2015/11/17 23:40:33 INFO  - jmeter.threads.ThreadGroup: Started thread group number 1 
2015/11/17 23:40:33 INFO  - jmeter.engine.StandardJMeterEngine: All thread groups have been started 
2015/11/17 23:40:33 INFO  - jmeter.threads.JMeterThread: Thread started: Test Internal API 1-1 
2015/11/17 23:40:33 ERROR - jmeter.util.BeanShellInterpreter: Error invoking bsh method: eval	In file: inline evaluation of: ``Failure = !prev.getResponseDataAsString().contains("_id") FaulureMessage = "Expe . . . '' Encountered "FaulureMessage" at line 2, column 1.
 
2015/11/17 23:40:33 WARN  - jmeter.assertions.BeanShellAssertion: org.apache.jorphan.util.JMeterException: Error invoking bsh method: eval	In file: inline evaluation of: ``Failure = !prev.getResponseDataAsString().contains("_id") FaulureMessage = "Expe . . . '' Encountered "FaulureMessage" at line 2, column 1.
 
2015/11/17 23:40:33 INFO  - jmeter.threads.JMeterThread: Thread is done: Test Internal API 1-1 
2015/11/17 23:40:33 INFO  - jmeter.threads.JMeterThread: Thread finished: Test Internal API 1-1 
2015/11/17 23:40:33 INFO  - jmeter.engine.StandardJMeterEngine: Notifying test listeners of end of test 
2015/11/17 23:40:33 INFO  - jmeter.gui.util.JMeterMenuBar: setRunning(false,*local*) 
2015/11/17 23:41:04 INFO  - jmeter.engine.StandardJMeterEngine: Running the test! 
2015/11/17 23:41:04 INFO  - jmeter.samplers.SampleEvent: List of sample_variables: [] 
2015/11/17 23:41:04 INFO  - jmeter.gui.util.JMeterMenuBar: setRunning(true,*local*) 
2015/11/17 23:41:05 INFO  - jmeter.engine.StandardJMeterEngine: Starting ThreadGroup: 1 : Test Internal API 
2015/11/17 23:41:05 INFO  - jmeter.engine.StandardJMeterEngine: Starting 1 threads for group Test Internal API. 
2015/11/17 23:41:05 INFO  - jmeter.engine.StandardJMeterEngine: Thread will continue on error 
2015/11/17 23:41:05 INFO  - jmeter.threads.ThreadGroup: Starting thread group number 1 threads 1 ramp-up 1 perThread 1000.0 delayedStart=false 
2015/11/17 23:41:05 INFO  - jmeter.threads.ThreadGroup: Started thread group number 1 
2015/11/17 23:41:05 INFO  - jmeter.engine.StandardJMeterEngine: All thread groups have been started 
2015/11/17 23:41:05 INFO  - jmeter.threads.JMeterThread: Thread started: Test Internal API 1-1 
2015/11/17 23:41:05 ERROR - jmeter.util.BeanShellInterpreter: Error invoking bsh method: eval	In file: inline evaluation of: ``Failure = prev.getResponseDataAsString().contains("_id") FaulureMessage = "Expec . . . '' Encountered "FaulureMessage" at line 2, column 1.
 
2015/11/17 23:41:05 WARN  - jmeter.assertions.BeanShellAssertion: org.apache.jorphan.util.JMeterException: Error invoking bsh method: eval	In file: inline evaluation of: ``Failure = prev.getResponseDataAsString().contains("_id") FaulureMessage = "Expec . . . '' Encountered "FaulureMessage" at line 2, column 1.
 
2015/11/17 23:41:05 INFO  - jmeter.threads.JMeterThread: Thread is done: Test Internal API 1-1 
2015/11/17 23:41:05 INFO  - jmeter.threads.JMeterThread: Thread finished: Test Internal API 1-1 
2015/11/17 23:41:05 INFO  - jmeter.engine.StandardJMeterEngine: Notifying test listeners of end of test 
2015/11/17 23:41:05 INFO  - jmeter.gui.util.JMeterMenuBar: setRunning(false,*local*) 
2015/11/17 23:41:28 INFO  - jmeter.engine.StandardJMeterEngine: Running the test! 
2015/11/17 23:41:28 INFO  - jmeter.samplers.SampleEvent: List of sample_variables: [] 
2015/11/17 23:41:28 INFO  - jmeter.gui.util.JMeterMenuBar: setRunning(true,*local*) 
2015/11/17 23:41:28 INFO  - jmeter.engine.StandardJMeterEngine: Starting ThreadGroup: 1 : Test Internal API 
2015/11/17 23:41:28 INFO  - jmeter.engine.StandardJMeterEngine: Starting 1 threads for group Test Internal API. 
2015/11/17 23:41:28 INFO  - jmeter.engine.StandardJMeterEngine: Thread will continue on error 
2015/11/17 23:41:28 INFO  - jmeter.threads.ThreadGroup: Starting thread group number 1 threads 1 ramp-up 1 perThread 1000.0 delayedStart=false 
2015/11/17 23:41:28 INFO  - jmeter.threads.ThreadGroup: Started thread group number 1 
2015/11/17 23:41:28 INFO  - jmeter.engine.StandardJMeterEngine: All thread groups have been started 
2015/11/17 23:41:28 INFO  - jmeter.threads.JMeterThread: Thread started: Test Internal API 1-1 
2015/11/17 23:41:28 INFO  - jmeter.threads.JMeterThread: Thread is done: Test Internal API 1-1 
2015/11/17 23:41:28 INFO  - jmeter.threads.JMeterThread: Thread finished: Test Internal API 1-1 
2015/11/17 23:41:28 INFO  - jmeter.engine.StandardJMeterEngine: Notifying test listeners of end of test 
2015/11/17 23:41:28 INFO  - jmeter.gui.util.JMeterMenuBar: setRunning(false,*local*) 
2015/11/17 23:44:06 INFO  - jmeter.engine.StandardJMeterEngine: Running the test! 
2015/11/17 23:44:06 INFO  - jmeter.samplers.SampleEvent: List of sample_variables: [] 
2015/11/17 23:44:06 INFO  - jmeter.gui.util.JMeterMenuBar: setRunning(true,*local*) 
2015/11/17 23:44:06 INFO  - jmeter.engine.StandardJMeterEngine: Starting ThreadGroup: 1 : Test Internal API 
2015/11/17 23:44:06 INFO  - jmeter.engine.StandardJMeterEngine: Starting 1 threads for group Test Internal API. 
2015/11/17 23:44:06 INFO  - jmeter.engine.StandardJMeterEngine: Thread will continue on error 
2015/11/17 23:44:06 INFO  - jmeter.threads.ThreadGroup: Starting thread group number 1 threads 1 ramp-up 1 perThread 1000.0 delayedStart=false 
2015/11/17 23:44:06 INFO  - jmeter.threads.ThreadGroup: Started thread group number 1 
2015/11/17 23:44:06 INFO  - jmeter.engine.StandardJMeterEngine: All thread groups have been started 
2015/11/17 23:44:06 INFO  - jmeter.threads.JMeterThread: Thread started: Test Internal API 1-1 
2015/11/17 23:44:06 INFO  - jmeter.threads.JMeterThread: Thread is done: Test Internal API 1-1 
2015/11/17 23:44:06 INFO  - jmeter.threads.JMeterThread: Thread finished: Test Internal API 1-1 
2015/11/17 23:44:06 INFO  - jmeter.engine.StandardJMeterEngine: Notifying test listeners of end of test 
2015/11/17 23:44:06 INFO  - jmeter.gui.util.JMeterMenuBar: setRunning(false,*local*) 
2015/11/17 23:48:49 INFO  - jmeter.engine.StandardJMeterEngine: Running the test! 
2015/11/17 23:48:49 INFO  - jmeter.samplers.SampleEvent: List of sample_variables: [] 
2015/11/17 23:48:49 INFO  - jmeter.gui.util.JMeterMenuBar: setRunning(true,*local*) 
2015/11/17 23:48:49 INFO  - jmeter.engine.StandardJMeterEngine: Starting ThreadGroup: 1 : Test Internal API 
2015/11/17 23:48:49 INFO  - jmeter.engine.StandardJMeterEngine: Starting 1 threads for group Test Internal API. 
2015/11/17 23:48:49 INFO  - jmeter.engine.StandardJMeterEngine: Thread will continue on error 
2015/11/17 23:48:49 INFO  - jmeter.threads.ThreadGroup: Starting thread group number 1 threads 1 ramp-up 1 perThread 1000.0 delayedStart=false 
2015/11/17 23:48:49 INFO  - jmeter.threads.ThreadGroup: Started thread group number 1 
2015/11/17 23:48:49 INFO  - jmeter.engine.StandardJMeterEngine: All thread groups have been started 
2015/11/17 23:48:49 INFO  - jmeter.threads.JMeterThread: Thread started: Test Internal API 1-1 
2015/11/17 23:48:49 INFO  - jmeter.threads.JMeterThread: Thread is done: Test Internal API 1-1 
2015/11/17 23:48:49 INFO  - jmeter.threads.JMeterThread: Thread finished: Test Internal API 1-1 
2015/11/17 23:48:49 INFO  - jmeter.engine.StandardJMeterEngine: Notifying test listeners of end of test 
2015/11/17 23:48:49 INFO  - jmeter.gui.util.JMeterMenuBar: setRunning(false,*local*) 
2015/11/17 23:51:50 INFO  - jmeter.engine.StandardJMeterEngine: Running the test! 
2015/11/17 23:51:50 INFO  - jmeter.samplers.SampleEvent: List of sample_variables: [] 
2015/11/17 23:51:50 INFO  - jmeter.gui.util.JMeterMenuBar: setRunning(true,*local*) 
2015/11/17 23:51:51 INFO  - jmeter.engine.StandardJMeterEngine: Starting ThreadGroup: 1 : Test Internal API 
2015/11/17 23:51:51 INFO  - jmeter.engine.StandardJMeterEngine: Starting 1 threads for group Test Internal API. 
2015/11/17 23:51:51 INFO  - jmeter.engine.StandardJMeterEngine: Thread will continue on error 
2015/11/17 23:51:51 INFO  - jmeter.threads.ThreadGroup: Starting thread group number 1 threads 1 ramp-up 1 perThread 1000.0 delayedStart=false 
2015/11/17 23:51:51 INFO  - jmeter.threads.ThreadGroup: Started thread group number 1 
2015/11/17 23:51:51 INFO  - jmeter.engine.StandardJMeterEngine: All thread groups have been started 
2015/11/17 23:51:51 INFO  - jmeter.threads.JMeterThread: Thread started: Test Internal API 1-1 
2015/11/17 23:51:51 INFO  - jmeter.threads.JMeterThread: Thread is done: Test Internal API 1-1 
2015/11/17 23:51:51 INFO  - jmeter.threads.JMeterThread: Thread finished: Test Internal API 1-1 
2015/11/17 23:51:51 INFO  - jmeter.engine.StandardJMeterEngine: Notifying test listeners of end of test 
2015/11/17 23:51:51 INFO  - jmeter.gui.util.JMeterMenuBar: setRunning(false,*local*) 
2015/11/17 23:52:06 INFO  - jmeter.engine.StandardJMeterEngine: Running the test! 
2015/11/17 23:52:06 INFO  - jmeter.samplers.SampleEvent: List of sample_variables: [] 
2015/11/17 23:52:06 INFO  - jmeter.gui.util.JMeterMenuBar: setRunning(true,*local*) 
2015/11/17 23:52:06 INFO  - jmeter.engine.StandardJMeterEngine: Starting ThreadGroup: 1 : Test Internal API 
2015/11/17 23:52:06 INFO  - jmeter.engine.StandardJMeterEngine: Starting 1 threads for group Test Internal API. 
2015/11/17 23:52:06 INFO  - jmeter.engine.StandardJMeterEngine: Thread will continue on error 
2015/11/17 23:52:06 INFO  - jmeter.threads.ThreadGroup: Starting thread group number 1 threads 1 ramp-up 1 perThread 1000.0 delayedStart=false 
2015/11/17 23:52:06 INFO  - jmeter.threads.ThreadGroup: Started thread group number 1 
2015/11/17 23:52:06 INFO  - jmeter.engine.StandardJMeterEngine: All thread groups have been started 
2015/11/17 23:52:06 INFO  - jmeter.threads.JMeterThread: Thread started: Test Internal API 1-1 
2015/11/17 23:52:06 INFO  - jmeter.threads.JMeterThread: Thread is done: Test Internal API 1-1 
2015/11/17 23:52:06 INFO  - jmeter.threads.JMeterThread: Thread finished: Test Internal API 1-1 
2015/11/17 23:52:06 INFO  - jmeter.engine.StandardJMeterEngine: Notifying test listeners of end of test 
2015/11/17 23:52:06 INFO  - jmeter.gui.util.JMeterMenuBar: setRunning(false,*local*) 
2015/11/17 23:52:42 INFO  - jmeter.engine.StandardJMeterEngine: Running the test! 
2015/11/17 23:52:42 INFO  - jmeter.samplers.SampleEvent: List of sample_variables: [] 
2015/11/17 23:52:42 INFO  - jmeter.gui.util.JMeterMenuBar: setRunning(true,*local*) 
2015/11/17 23:52:42 INFO  - jmeter.engine.StandardJMeterEngine: Starting ThreadGroup: 1 : Test Internal API 
2015/11/17 23:52:42 INFO  - jmeter.engine.StandardJMeterEngine: Starting 1 threads for group Test Internal API. 
2015/11/17 23:52:42 INFO  - jmeter.engine.StandardJMeterEngine: Thread will continue on error 
2015/11/17 23:52:42 INFO  - jmeter.threads.ThreadGroup: Starting thread group number 1 threads 1 ramp-up 1 perThread 1000.0 delayedStart=false 
2015/11/17 23:52:42 INFO  - jmeter.threads.ThreadGroup: Started thread group number 1 
2015/11/17 23:52:42 INFO  - jmeter.engine.StandardJMeterEngine: All thread groups have been started 
2015/11/17 23:52:42 INFO  - jmeter.threads.JMeterThread: Thread started: Test Internal API 1-1 
2015/11/17 23:52:42 INFO  - jmeter.threads.JMeterThread: Thread is done: Test Internal API 1-1 
2015/11/17 23:52:42 INFO  - jmeter.threads.JMeterThread: Thread finished: Test Internal API 1-1 
2015/11/17 23:52:42 INFO  - jmeter.engine.StandardJMeterEngine: Notifying test listeners of end of test 
2015/11/17 23:52:42 INFO  - jmeter.gui.util.JMeterMenuBar: setRunning(false,*local*) 
2015/11/17 23:53:35 INFO  - jmeter.engine.StandardJMeterEngine: Running the test! 
2015/11/17 23:53:35 INFO  - jmeter.samplers.SampleEvent: List of sample_variables: [] 
2015/11/17 23:53:35 INFO  - jmeter.gui.util.JMeterMenuBar: setRunning(true,*local*) 
2015/11/17 23:53:36 INFO  - jmeter.engine.StandardJMeterEngine: Starting ThreadGroup: 1 : Test Internal API 
2015/11/17 23:53:36 INFO  - jmeter.engine.StandardJMeterEngine: Starting 1 threads for group Test Internal API. 
2015/11/17 23:53:36 INFO  - jmeter.engine.StandardJMeterEngine: Thread will continue on error 
2015/11/17 23:53:36 INFO  - jmeter.threads.ThreadGroup: Starting thread group number 1 threads 1 ramp-up 1 perThread 1000.0 delayedStart=false 
2015/11/17 23:53:36 INFO  - jmeter.threads.ThreadGroup: Started thread group number 1 
2015/11/17 23:53:36 INFO  - jmeter.engine.StandardJMeterEngine: All thread groups have been started 
2015/11/17 23:53:36 INFO  - jmeter.threads.JMeterThread: Thread started: Test Internal API 1-1 
2015/11/17 23:53:36 INFO  - jmeter.threads.JMeterThread: Thread is done: Test Internal API 1-1 
2015/11/17 23:53:36 INFO  - jmeter.threads.JMeterThread: Thread finished: Test Internal API 1-1 
2015/11/17 23:53:36 INFO  - jmeter.engine.StandardJMeterEngine: Notifying test listeners of end of test 
2015/11/17 23:53:36 INFO  - jmeter.gui.util.JMeterMenuBar: setRunning(false,*local*) 
2015/11/17 23:54:29 INFO  - jmeter.engine.StandardJMeterEngine: Running the test! 
2015/11/17 23:54:29 INFO  - jmeter.samplers.SampleEvent: List of sample_variables: [] 
2015/11/17 23:54:29 INFO  - jmeter.gui.util.JMeterMenuBar: setRunning(true,*local*) 
2015/11/17 23:54:30 INFO  - jmeter.engine.StandardJMeterEngine: Starting ThreadGroup: 1 : Test Internal API 
2015/11/17 23:54:30 INFO  - jmeter.engine.StandardJMeterEngine: Starting 1 threads for group Test Internal API. 
2015/11/17 23:54:30 INFO  - jmeter.engine.StandardJMeterEngine: Thread will continue on error 
2015/11/17 23:54:30 INFO  - jmeter.threads.ThreadGroup: Starting thread group number 1 threads 1 ramp-up 1 perThread 1000.0 delayedStart=false 
2015/11/17 23:54:30 INFO  - jmeter.threads.ThreadGroup: Started thread group number 1 
2015/11/17 23:54:30 INFO  - jmeter.engine.StandardJMeterEngine: All thread groups have been started 
2015/11/17 23:54:30 INFO  - jmeter.threads.JMeterThread: Thread started: Test Internal API 1-1 
2015/11/17 23:54:30 INFO  - jmeter.threads.JMeterThread: Thread is done: Test Internal API 1-1 
2015/11/17 23:54:30 INFO  - jmeter.threads.JMeterThread: Thread finished: Test Internal API 1-1 
2015/11/17 23:54:30 INFO  - jmeter.engine.StandardJMeterEngine: Notifying test listeners of end of test 
2015/11/17 23:54:30 INFO  - jmeter.gui.util.JMeterMenuBar: setRunning(false,*local*) 
